build/app/intermediates/manifest_merge_blame_file/debug/manifest-merger-blame-debug-report.txt
1<?xml version="1.0" encoding="utf-8"?>
2<manifest xmlns:android="http://schemas.android.com/apk/res/android"
3    package="com.example.gyk_flutter_webview"
4    android:versionCode="1"
5    android:versionName="1.0.0" >
6
7    <uses-sdk
8        android:minSdkVersion="19"
9        android:targetSdkVersion="33" />
10    <!--
11         The INTERNET permission is required for development. Specifically,
12         the Flutter tool needs it to communicate with the running application
13         to allow setting breakpoints, to provide hot reload, etc.
14    -->
15    <uses-permission android:name="android.permission.INTERNET" />
15-->src/main/AndroidManifest.xml:4:5-66
15-->src/main/AndroidManifest.xml:4:22-64
16    <!-- 允许写入扩展存储，用于写入缓存定位数据 -->
17    <uses-permission android:name="android.permission.WRITE_EXTERNAL_STORAGE" /> <!-- 允许读设备等信息，用于问题排查 -->
17-->src/main/AndroidManifest.xml:6:5-80
17-->src/main/AndroidManifest.xml:6:22-78
18    <uses-permission android:name="android.permission.READ_EXTERNAL_STORAGE" /> <!-- 允许获取设备和运营商信息，用于问题排查和网络定位（无gps情况下的定位），若需网络定位功能则必选 -->
18-->src/main/AndroidManifest.xml:8:5-79
18-->src/main/AndroidManifest.xml:8:22-77
19    <uses-permission android:name="android.permission.READ_PHONE_STATE" /> <!-- 允许获取精确位置，精准定位必选 -->
19-->src/main/AndroidManifest.xml:10:5-74
19-->src/main/AndroidManifest.xml:10:22-72
20    <uses-permission android:name="android.permission.ACCESS_FINE_LOCATION" /> <!-- 允许获取粗略位置，粗略定位必选 -->
20-->src/main/AndroidManifest.xml:12:5-79
20-->src/main/AndroidManifest.xml:12:22-76
21    <uses-permission android:name="android.permission.ACCESS_COARSE_LOCATION" /> <!-- 允许获取网络状态，用于网络定位（无gps情况下的定位），若需网络定位功能则必选 -->
21-->src/main/AndroidManifest.xml:14:5-81
21-->src/main/AndroidManifest.xml:14:22-78
22    <uses-permission android:name="android.permission.ACCESS_NETWORK_STATE" /> <!-- 允许获取wifi网络信息，用于网络定位（无gps情况下的定位），若需网络定位功能则必选 -->
22-->src/main/AndroidManifest.xml:16:5-79
22-->src/main/AndroidManifest.xml:16:22-76
23    <uses-permission android:name="android.permission.ACCESS_WIFI_STATE" /> <!-- 允许获取wifi状态改变，用于网络定位（无gps情况下的定位），若需网络定位功能则必选 -->
23-->src/main/AndroidManifest.xml:18:5-76
23-->src/main/AndroidManifest.xml:18:22-73
24    <uses-permission android:name="android.permission.CHANGE_WIFI_STATE" /> <!-- 后台获取位置信息，若需后台定位则必选 -->
24-->src/main/AndroidManifest.xml:20:5-76
24-->src/main/AndroidManifest.xml:20:22-73
25    <uses-permission android:name="android.permission.ACCESS_BACKGROUND_LOCATION" /> <!-- 用于申请调用A-GPS模块,卫星定位加速 -->
25-->src/main/AndroidManifest.xml:22:5-85
25-->src/main/AndroidManifest.xml:22:22-82
26    <uses-permission android:name="android.permission.ACCESS_LOCATION_EXTRA_COMMANDS" /> <!-- 拨打电话权限 -->
26-->src/main/AndroidManifest.xml:24:5-89
26-->src/main/AndroidManifest.xml:24:22-86
27    <uses-permission android:name="android.permission.CALL_PHONE" />
27-->src/main/AndroidManifest.xml:26:5-68
27-->src/main/AndroidManifest.xml:26:22-66
28
29    <application
30        android:name="android.app.Application"
31        android:appComponentFactory="androidx.core.app.CoreComponentFactory"
31-->[androidx.core:core:1.6.0] AndroidManifest.xml:24:18-86
32        android:debuggable="true"
33        android:icon="@mipmap/ic_launcher"
34        android:label="gyk_flutter_webview"
35        android:usesCleartextTraffic="true" >
36        <activity
37            android:name="com.example.gyk_flutter_webview.MainActivity"
38            android:configChanges="orientation|keyboardHidden|keyboard|screenSize|smallestScreenSize|locale|layoutDirection|fontScale|screenLayout|density|uiMode"
39            android:exported="true"
40            android:hardwareAccelerated="true"
41            android:launchMode="singleTop"
42            android:theme="@style/LaunchTheme"
43            android:windowSoftInputMode="adjustResize" >
44
45            <!--
46                 Specifies an Android theme to apply to this Activity as soon as
47                 the Android process has started. This theme is visible to the user
48                 while the Flutter UI initializes. After that, this theme continues
49                 to determine the Window background behind the Flutter UI.
50            -->
51            <meta-data
52                android:name="io.flutter.embedding.android.NormalTheme"
53                android:resource="@style/NormalTheme" />
54
55            <intent-filter>
56                <action android:name="android.intent.action.MAIN" />
57
58                <category android:name="android.intent.category.LAUNCHER" />
59            </intent-filter>
60        </activity>
61        <!--
62             Don't delete the meta-data below.
63             This is used by the Flutter tool to generate GeneratedPluginRegistrant.java
64        -->
65        <meta-data
66            android:name="flutterEmbedding"
67            android:value="2" />
68
69        <uses-library
69-->[androidx.window:window:1.0.0-beta04] AndroidManifest.xml:25:9-27:40
70            android:name="androidx.window.extensions"
70-->[androidx.window:window:1.0.0-beta04] AndroidManifest.xml:26:13-54
71            android:required="false" />
71-->[androidx.window:window:1.0.0-beta04] AndroidManifest.xml:27:13-37
72        <uses-library
72-->[androidx.window:window:1.0.0-beta04] AndroidManifest.xml:28:9-30:40
73            android:name="androidx.window.sidecar"
73-->[androidx.window:window:1.0.0-beta04] AndroidManifest.xml:29:13-51
74            android:required="false" />
74-->[androidx.window:window:1.0.0-beta04] AndroidManifest.xml:30:13-37
75    </application>
76
77</manifest>